The system is: Linux - 4.4.0-19041-Microsoft - x86_64
Compiling the C compiler identification source file "CMakeCCompilerId.c" succeeded.
Compiler: /mnt/g/Work_code/x86_64-8.1.0-release-win32-seh-rt_v6-rev0/mingw64/bin/gcc.exe 
Build flags: 
Id flags:  

The output was:
0


Compilation of the C compiler identification source "CMakeCCompilerId.c" produced "a.exe"

The C compiler identification is GNU, found in "/mnt/g/code/cpp_advanced/c++疯狂练/5th_day/build/CMakeFiles/3.16.3/CompilerIdC/a.exe"

Compiling the CXX compiler identification source file "CMakeCXXCompilerId.cpp" succeeded.
Compiler: /mnt/g/Work_code/x86_64-8.1.0-release-win32-seh-rt_v6-rev0/mingw64/bin/g++.exe 
Build flags: 
Id flags:  

The output was:
0


Compilation of the CXX compiler identification source "CMakeCXXCompilerId.cpp" produced "a.exe"

The CXX compiler identification is GNU, found in "/mnt/g/code/cpp_advanced/c++疯狂练/5th_day/build/CMakeFiles/3.16.3/CompilerIdCXX/a.exe"

Compiling the C compiler identification source file "CMakeCCompilerId.c" succeeded.
Compiler: /mnt/g/Work_code/x86_64-8.1.0-release-win32-seh-rt_v6-rev0/mingw64/bin/gcc.exe 
Build flags: 
Id flags:  

The output was:
0


Compilation of the C compiler identification source "CMakeCCompilerId.c" produced "a.exe"

The C compiler identification is GNU, found in "/mnt/g/code/cpp_advanced/c++疯狂练/5th_day/build/CMakeFiles/3.16.3/CompilerIdC/a.exe"

Compiling the CXX compiler identification source file "CMakeCXXCompilerId.cpp" succeeded.
Compiler: /mnt/g/Work_code/x86_64-8.1.0-release-win32-seh-rt_v6-rev0/mingw64/bin/g++.exe 
Build flags: 
Id flags:  

The output was:
0


Compilation of the CXX compiler identification source "CMakeCXXCompilerId.cpp" produced "a.exe"

The CXX compiler identification is GNU, found in "/mnt/g/code/cpp_advanced/c++疯狂练/5th_day/build/CMakeFiles/3.16.3/CompilerIdCXX/a.exe"

Compiling the C compiler identification source file "CMakeCCompilerId.c" succeeded.
Compiler: /mnt/g/Work_code/x86_64-8.1.0-release-win32-seh-rt_v6-rev0/mingw64/bin/gcc.exe 
Build flags: 
Id flags:  

The output was:
0


Compilation of the C compiler identification source "CMakeCCompilerId.c" produced "a.exe"

The C compiler identification is GNU, found in "/mnt/g/code/cpp_advanced/c++疯狂练/5th_day/build/CMakeFiles/3.16.3/CompilerIdC/a.exe"

Compiling the CXX compiler identification source file "CMakeCXXCompilerId.cpp" succeeded.
Compiler: /mnt/g/Work_code/x86_64-8.1.0-release-win32-seh-rt_v6-rev0/mingw64/bin/g++.exe 
Build flags: 
Id flags:  

The output was:
0


Compilation of the CXX compiler identification source "CMakeCXXCompilerId.cpp" produced "a.exe"

The CXX compiler identification is GNU, found in "/mnt/g/code/cpp_advanced/c++疯狂练/5th_day/build/CMakeFiles/3.16.3/CompilerIdCXX/a.exe"

Compiling the C compiler identification source file "CMakeCCompilerId.c" succeeded.
Compiler: /mnt/g/Work_code/x86_64-8.1.0-release-win32-seh-rt_v6-rev0/mingw64/bin/gcc.exe 
Build flags: 
Id flags:  

The output was:
0


Compilation of the C compiler identification source "CMakeCCompilerId.c" produced "a.exe"

The C compiler identification is GNU, found in "/mnt/g/code/cpp_advanced/c++疯狂练/5th_day/build/CMakeFiles/3.16.3/CompilerIdC/a.exe"

Compiling the CXX compiler identification source file "CMakeCXXCompilerId.cpp" succeeded.
Compiler: /mnt/g/Work_code/x86_64-8.1.0-release-win32-seh-rt_v6-rev0/mingw64/bin/g++.exe 
Build flags: 
Id flags:  

The output was:
0


Compilation of the CXX compiler identification source "CMakeCXXCompilerId.cpp" produced "a.exe"

The CXX compiler identification is GNU, found in "/mnt/g/code/cpp_advanced/c++疯狂练/5th_day/build/CMakeFiles/3.16.3/CompilerIdCXX/a.exe"

Compiling the C compiler identification source file "CMakeCCompilerId.c" succeeded.
Compiler: /mnt/g/Work_code/x86_64-8.1.0-release-win32-seh-rt_v6-rev0/mingw64/bin/gcc.exe 
Build flags: 
Id flags:  

The output was:
0


Compilation of the C compiler identification source "CMakeCCompilerId.c" produced "a.exe"

The C compiler identification is GNU, found in "/mnt/g/code/cpp_advanced/c++疯狂练/5th_day/build/CMakeFiles/3.16.3/CompilerIdC/a.exe"

Compiling the CXX compiler identification source file "CMakeCXXCompilerId.cpp" succeeded.
Compiler: /mnt/g/Work_code/x86_64-8.1.0-release-win32-seh-rt_v6-rev0/mingw64/bin/g++.exe 
Build flags: 
Id flags:  

The output was:
0


Compilation of the CXX compiler identification source "CMakeCXXCompilerId.cpp" produced "a.exe"

The CXX compiler identification is GNU, found in "/mnt/g/code/cpp_advanced/c++疯狂练/5th_day/build/CMakeFiles/3.16.3/CompilerIdCXX/a.exe"

